TN:
SF:C:\Sergio\OnedriveFiles\Personal\OneDrive\Serginet Startup\Repos\EnAzureDevOps\CI-CD-VirtualNetCoreConf\Virtual-NetCoreConf\src\front\src\polyfills.ts
FNF:0
FNH:0
DA:20,1
DA:21,1
DA:22,1
DA:23,1
DA:24,1
DA:25,1
DA:26,1
DA:27,1
DA:28,1
DA:29,1
DA:30,1
DA:31,1
DA:32,1
DA:33,1
DA:35,1
DA:37,1
DA:38,1
DA:44,1
DA:60,1
DA:64,1
LF:20
LH:20
BRF:0
BRH:0
end_of_record
TN:
SF:C:\Sergio\OnedriveFiles\Personal\OneDrive\Serginet Startup\Repos\EnAzureDevOps\CI-CD-VirtualNetCoreConf\Virtual-NetCoreConf\src\front\src\test.ts
FNF:0
FNH:0
DA:3,1
DA:4,1
DA:5,1
DA:10,1
DA:15,1
DA:17,1
LF:6
LH:6
BRF:0
BRH:0
end_of_record
TN:
SF:C:\Sergio\OnedriveFiles\Personal\OneDrive\Serginet Startup\Repos\EnAzureDevOps\CI-CD-VirtualNetCoreConf\Virtual-NetCoreConf\src\front\src\app\app-routing.module.ts
FN:28,(anonymous_1)
FNF:1
FNH:1
FNDA:4,(anonymous_1)
DA:1,1
DA:2,1
DA:3,1
DA:4,1
DA:5,1
DA:7,1
DA:28,1
DA:29,1
LF:8
LH:8
BRF:0
BRH:0
end_of_record
TN:
SF:C:\Sergio\OnedriveFiles\Personal\OneDrive\Serginet Startup\Repos\EnAzureDevOps\CI-CD-VirtualNetCoreConf\Virtual-NetCoreConf\src\front\src\app\app.component.ts
FN:20,(anonymous_2)
FN:25,AppComponent
FN:34,(anonymous_4)
FN:38,(anonymous_5)
FN:51,(anonymous_6)
FN:52,(anonymous_7)
FN:73,(anonymous_8)
FN:77,(anonymous_9)
FN:83,(anonymous_10)
FN:94,(anonymous_11)
FNF:10
FNH:7
FNDA:1,(anonymous_2)
FNDA:3,AppComponent
FNDA:3,(anonymous_4)
FNDA:3,(anonymous_5)
FNDA:3,(anonymous_6)
FNDA:0,(anonymous_7)
FNDA:3,(anonymous_8)
FNDA:0,(anonymous_9)
FNDA:4,(anonymous_10)
FNDA:0,(anonymous_11)
DA:1,1
DA:2,1
DA:3,1
DA:4,1
DA:5,1
DA:6,1
DA:7,1
DA:8,1
DA:9,1
DA:10,1
DA:20,1
DA:22,4
DA:25,3
DA:26,3
DA:27,3
DA:28,3
DA:29,3
DA:30,3
DA:31,3
DA:34,1
DA:35,3
DA:36,3
DA:37,3
DA:39,3
DA:43,3
DA:45,3
DA:47,3
DA:48,3
DA:51,3
DA:52,3
DA:53,0
DA:54,0
DA:56,0
DA:60,0
DA:62,0
DA:63,0
DA:67,0
DA:73,3
DA:74,3
DA:75,3
DA:77,0
DA:78,0
DA:83,4
DA:84,4
DA:85,4
DA:86,32
DA:88,0
DA:89,0
DA:93,4
DA:94,0
DA:95,0
DA:99,4
DA:101,1
LF:53
LH:40
BRDA:53,0,0,0
BRDA:53,0,1,0
BRDA:55,1,0,0
BRDA:55,1,1,0
BRDA:74,2,0,3
BRDA:74,2,1,0
BRDA:86,3,0,0
BRDA:86,3,1,32
BRDA:86,4,0,32
BRDA:86,4,1,16
BRDA:86,4,2,16
BRDA:93,5,0,0
BRDA:93,5,1,4
BRF:13
BRH:6
end_of_record
TN:
SF:C:\Sergio\OnedriveFiles\Personal\OneDrive\Serginet Startup\Repos\EnAzureDevOps\CI-CD-VirtualNetCoreConf\Virtual-NetCoreConf\src\front\src\app\configs\app.config.ts
FNF:0
FNH:0
DA:1,1
DA:3,1
DA:5,1
LF:3
LH:3
BRF:0
BRH:0
end_of_record
TN:
SF:C:\Sergio\OnedriveFiles\Personal\OneDrive\Serginet Startup\Repos\EnAzureDevOps\CI-CD-VirtualNetCoreConf\Virtual-NetCoreConf\src\front\src\app\core\core.module.ts
FN:30,(anonymous_4)
FN:31,CoreModule
FNF:2
FNH:2
FNDA:1,(anonymous_4)
FNDA:3,CoreModule
DA:1,1
DA:2,1
DA:3,1
DA:4,1
DA:5,1
DA:6,1
DA:7,1
DA:8,1
DA:9,1
DA:30,1
DA:32,3
DA:33,0
DA:36,1
LF:13
LH:12
BRDA:32,0,0,0
BRDA:32,0,1,3
BRF:2
BRH:1
end_of_record
TN:
SF:C:\Sergio\OnedriveFiles\Personal\OneDrive\Serginet Startup\Repos\EnAzureDevOps\CI-CD-VirtualNetCoreConf\Virtual-NetCoreConf\src\front\src\app\core\interceptors\progress.interceptor.ts
FN:6,(anonymous_0)
FN:7,ProgressInterceptor
FN:10,(anonymous_2)
FN:14,(anonymous_3)
FNF:4
FNH:4
FNDA:1,(anonymous_0)
FNDA:3,ProgressInterceptor
FNDA:3,(anonymous_2)
FNDA:6,(anonymous_3)
DA:1,1
DA:2,1
DA:6,1
DA:7,3
DA:10,3
DA:11,3
DA:12,3
DA:15,6
DA:16,3
DA:20,1
LF:10
LH:10
BRDA:15,0,0,3
BRDA:15,0,1,3
BRF:2
BRH:2
end_of_record
TN:
SF:C:\Sergio\OnedriveFiles\Personal\OneDrive\Serginet Startup\Repos\EnAzureDevOps\CI-CD-VirtualNetCoreConf\Virtual-NetCoreConf\src\front\src\app\core\interceptors\timing.interceptor.ts
FN:6,(anonymous_0)
FN:7,TimingInterceptor
FN:10,(anonymous_2)
FN:14,(anonymous_3)
FNF:4
FNH:4
FNDA:1,(anonymous_0)
FNDA:3,TimingInterceptor
FNDA:3,(anonymous_2)
FNDA:6,(anonymous_3)
DA:1,1
DA:2,1
DA:4,1
DA:6,1
DA:10,1
DA:11,3
DA:12,3
DA:15,6
DA:16,3
DA:17,3
DA:21,1
LF:11
LH:11
BRDA:15,0,0,3
BRDA:15,0,1,3
BRF:2
BRH:2
end_of_record
TN:
SF:C:\Sergio\OnedriveFiles\Personal\OneDrive\Serginet Startup\Repos\EnAzureDevOps\CI-CD-VirtualNetCoreConf\Virtual-NetCoreConf\src\front\src\app\core\services\logger.service.ts
FN:6,(anonymous_1)
FN:7,(anonymous_3)
FN:11,(anonymous_4)
FNF:3
FNH:3
FNDA:2,(anonymous_1)
FNDA:4,(anonymous_3)
FNDA:1,(anonymous_4)
DA:1,1
DA:6,1
DA:7,1
DA:8,4
DA:11,2
DA:12,1
DA:14,1
LF:7
LH:7
BRDA:11,0,0,1
BRDA:11,0,1,0
BRF:2
BRH:1
end_of_record
TN:
SF:C:\Sergio\OnedriveFiles\Personal\OneDrive\Serginet Startup\Repos\EnAzureDevOps\CI-CD-VirtualNetCoreConf\Virtual-NetCoreConf\src\front\src\app\core\services\progress-bar.service.ts
FN:6,(anonymous_2)
FN:11,ProgressBarService
FN:15,(anonymous_4)
FN:19,(anonymous_5)
FN:26,(anonymous_6)
FNF:5
FNH:4
FNDA:1,(anonymous_2)
FNDA:12,ProgressBarService
FNDA:0,(anonymous_4)
FNDA:5,(anonymous_5)
FNDA:6,(anonymous_6)
DA:1,1
DA:6,1
DA:9,12
DA:12,12
DA:15,1
DA:16,0
DA:19,1
DA:20,5
DA:21,5
DA:22,4
DA:26,1
DA:27,6
DA:28,5
DA:29,5
DA:30,4
DA:34,1
LF:16
LH:15
BRDA:21,0,0,4
BRDA:21,0,1,1
BRDA:27,1,0,5
BRDA:27,1,1,1
BRDA:29,2,0,4
BRDA:29,2,1,1
BRF:6
BRH:6
end_of_record
TN:
SF:C:\Sergio\OnedriveFiles\Personal\OneDrive\Serginet Startup\Repos\EnAzureDevOps\CI-CD-VirtualNetCoreConf\Virtual-NetCoreConf\src\front\src\app\core\services\settings-provider.service.ts
FN:6,(anonymous_2)
FN:11,AppSettingsProvider
FN:15,(anonymous_4)
FN:20,(anonymous_5)
FN:26,(anonymous_6)
FNF:5
FNH:4
FNDA:1,(anonymous_2)
FNDA:13,AppSettingsProvider
FNDA:3,(anonymous_4)
FNDA:3,(anonymous_5)
FNDA:0,(anonymous_6)
DA:1,1
DA:2,1
DA:6,1
DA:9,13
DA:11,13
DA:12,13
DA:15,3
DA:16,3
DA:17,3
DA:21,3
DA:22,3
DA:26,1
DA:27,0
DA:29,1
LF:14
LH:13
BRF:0
BRH:0
end_of_record
TN:
SF:C:\Sergio\OnedriveFiles\Personal\OneDrive\Serginet Startup\Repos\EnAzureDevOps\CI-CD-VirtualNetCoreConf\Virtual-NetCoreConf\src\front\src\app\core\services\utils-helper.service.ts
FN:10,(anonymous_1)
FN:11,(anonymous_3)
FN:23,(anonymous_4)
FN:33,(anonymous_5)
FNF:4
FNH:4
FNDA:5,(anonymous_1)
FNDA:4,(anonymous_3)
FNDA:7,(anonymous_4)
FNDA:4,(anonymous_5)
DA:1,1
DA:2,1
DA:5,1
DA:10,1
DA:11,1
DA:12,4
DA:23,1
DA:24,7
DA:25,7
DA:26,10
DA:27,3
DA:30,4
DA:33,1
DA:34,4
DA:35,4
DA:47,1
LF:16
LH:16
BRDA:26,0,0,3
BRDA:26,0,1,7
BRF:2
BRH:2
end_of_record
TN:
SF:C:\Sergio\OnedriveFiles\Personal\OneDrive\Serginet Startup\Repos\EnAzureDevOps\CI-CD-VirtualNetCoreConf\Virtual-NetCoreConf\src\front\src\app\modules\heroes\heroes-routing.module.ts
FN:20,(anonymous_1)
FNF:1
FNH:1
FNDA:3,(anonymous_1)
DA:1,1
DA:2,1
DA:3,1
DA:4,1
DA:6,1
DA:20,1
DA:21,1
LF:7
LH:7
BRF:0
BRH:0
end_of_record
TN:
SF:C:\Sergio\OnedriveFiles\Personal\OneDrive\Serginet Startup\Repos\EnAzureDevOps\CI-CD-VirtualNetCoreConf\Virtual-NetCoreConf\src\front\src\app\modules\heroes\heroes.module.ts
FN:26,(anonymous_1)
FNF:1
FNH:1
FNDA:3,(anonymous_1)
DA:1,1
DA:2,1
DA:3,1
DA:4,1
DA:5,1
DA:6,1
DA:7,1
DA:26,1
DA:27,1
LF:9
LH:9
BRF:0
BRH:0
end_of_record
TN:
SF:C:\Sergio\OnedriveFiles\Personal\OneDrive\Serginet Startup\Repos\EnAzureDevOps\CI-CD-VirtualNetCoreConf\Virtual-NetCoreConf\src\front\src\app\modules\heroes\components\hero-remove\hero-remove.component.ts
FN:8,(anonymous_2)
FN:9,HeroRemoveComponent
FNF:2
FNH:1
FNDA:1,(anonymous_2)
FNDA:0,HeroRemoveComponent
DA:1,1
DA:8,1
DA:11,1
LF:3
LH:3
BRF:0
BRH:0
end_of_record
TN:
SF:C:\Sergio\OnedriveFiles\Personal\OneDrive\Serginet Startup\Repos\EnAzureDevOps\CI-CD-VirtualNetCoreConf\Virtual-NetCoreConf\src\front\src\app\modules\heroes\pages\hero-detail-page\hero-detail-page.component.ts
FN:16,(anonymous_2)
FN:21,HeroDetailPageComponent
FN:27,(anonymous_4)
FN:29,(anonymous_5)
FN:34,(anonymous_6)
FN:35,(anonymous_7)
FN:35,(anonymous_8)
FN:36,(anonymous_9)
FN:42,(anonymous_10)
FN:46,(anonymous_11)
FNF:10
FNH:4
FNDA:1,(anonymous_2)
FNDA:1,HeroDetailPageComponent
FNDA:1,(anonymous_4)
FNDA:1,(anonymous_5)
FNDA:0,(anonymous_6)
FNDA:0,(anonymous_7)
FNDA:0,(anonymous_8)
FNDA:0,(anonymous_9)
FNDA:0,(anonymous_10)
FNDA:0,(anonymous_11)
DA:1,1
DA:3,1
DA:4,1
DA:5,1
DA:6,1
DA:7,1
DA:16,1
DA:21,1
DA:22,1
DA:23,1
DA:24,1
DA:27,1
DA:28,1
DA:29,1
DA:30,1
DA:34,1
DA:35,0
DA:36,0
DA:37,0
DA:42,1
DA:43,0
DA:46,1
DA:47,0
DA:49,1
LF:24
LH:19
BRF:0
BRH:0
end_of_record
TN:
SF:C:\Sergio\OnedriveFiles\Personal\OneDrive\Serginet Startup\Repos\EnAzureDevOps\CI-CD-VirtualNetCoreConf\Virtual-NetCoreConf\src\front\src\app\modules\heroes\pages\heroes-list-page\heroes-list-page.component.ts
FN:20,(anonymous_2)
FN:28,HeroesListPageComponent
FN:44,(anonymous_4)
FN:45,(anonymous_5)
FN:50,(anonymous_6)
FN:52,(anonymous_7)
FN:54,(anonymous_8)
FN:60,(anonymous_9)
FN:68,(anonymous_10)
FN:70,(anonymous_11)
FN:72,(anonymous_12)
FN:74,(anonymous_13)
FN:81,(anonymous_14)
FN:87,(anonymous_15)
FN:88,(anonymous_16)
FNF:15
FNH:5
FNDA:1,(anonymous_2)
FNDA:1,HeroesListPageComponent
FNDA:1,(anonymous_4)
FNDA:1,(anonymous_5)
FNDA:0,(anonymous_6)
FNDA:0,(anonymous_7)
FNDA:0,(anonymous_8)
FNDA:0,(anonymous_9)
FNDA:0,(anonymous_10)
FNDA:0,(anonymous_11)
FNDA:0,(anonymous_12)
FNDA:0,(anonymous_13)
FNDA:0,(anonymous_14)
FNDA:1,(anonymous_15)
FNDA:0,(anonymous_16)
DA:1,1
DA:2,1
DA:3,1
DA:4,1
DA:5,1
DA:6,1
DA:7,1
DA:8,1
DA:9,1
DA:10,1
DA:11,1
DA:20,1
DA:22,1
DA:24,1
DA:26,1
DA:28,1
DA:29,1
DA:30,1
DA:31,1
DA:32,1
DA:33,1
DA:34,1
DA:36,1
DA:41,1
DA:44,1
DA:45,1
DA:46,1
DA:50,1
DA:51,0
DA:52,0
DA:53,0
DA:55,0
DA:60,1
DA:61,0
DA:62,0
DA:63,0
DA:64,0
DA:68,1
DA:69,0
DA:70,0
DA:71,0
DA:72,0
DA:73,0
DA:75,0
DA:81,1
DA:82,0
DA:83,0
DA:87,1
DA:88,1
DA:89,0
DA:90,0
DA:92,0
DA:96,1
LF:53
LH:34
BRDA:51,0,0,0
BRDA:51,0,1,0
BRDA:62,1,0,0
BRDA:62,1,1,0
BRDA:71,2,0,0
BRDA:71,2,1,0
BRDA:82,3,0,0
BRDA:82,3,1,0
BRDA:89,4,0,0
BRDA:89,4,1,0
BRDA:89,5,0,0
BRDA:89,5,1,0
BRDA:89,5,2,0
BRF:13
BRH:0
end_of_record
TN:
SF:C:\Sergio\OnedriveFiles\Personal\OneDrive\Serginet Startup\Repos\EnAzureDevOps\CI-CD-VirtualNetCoreConf\Virtual-NetCoreConf\src\front\src\app\modules\heroes\shared\hero.model.ts
FN:3,(anonymous_0)
FN:12,Hero
FN:26,(anonymous_2)
FN:31,(anonymous_3)
FNF:4
FNH:3
FNDA:1,(anonymous_0)
FNDA:44,Hero
FNDA:1,(anonymous_2)
FNDA:0,(anonymous_3)
DA:3,1
DA:12,83
DA:13,44
DA:14,44
DA:15,44
DA:16,44
DA:17,44
DA:18,44
DA:19,44
DA:23,44
DA:26,1
DA:27,1
DA:28,1
DA:31,1
DA:32,0
DA:33,0
DA:35,1
LF:17
LH:15
BRDA:12,0,0,39
BRDA:12,0,1,5
BRDA:14,1,0,44
BRDA:14,1,1,40
BRDA:15,2,0,44
BRDA:15,2,1,44
BRDA:16,3,0,44
BRDA:16,3,1,43
BRDA:17,4,0,44
BRDA:17,4,1,40
BRDA:18,5,0,44
BRDA:18,5,1,44
BRDA:19,6,0,44
BRDA:19,6,1,44
BRF:14
BRH:14
end_of_record
TN:
SF:C:\Sergio\OnedriveFiles\Personal\OneDrive\Serginet Startup\Repos\EnAzureDevOps\CI-CD-VirtualNetCoreConf\Virtual-NetCoreConf\src\front\src\app\modules\heroes\shared\hero.service.ts
FN:17,(anonymous_2)
FN:25,HeroService
FN:21,(anonymous_4)
FN:34,(anonymous_5)
FN:35,(anonymous_6)
FN:51,(anonymous_7)
FN:60,(anonymous_8)
FN:69,(anonymous_9)
FN:74,(anonymous_10)
FN:78,(anonymous_11)
FN:80,(anonymous_12)
FN:89,(anonymous_13)
FN:91,(anonymous_14)
FN:97,(anonymous_15)
FN:99,(anonymous_16)
FN:101,(anonymous_17)
FN:111,(anonymous_18)
FN:113,(anonymous_19)
FN:120,(anonymous_20)
FNF:19
FNH:8
FNDA:1,(anonymous_2)
FNDA:13,HeroService
FNDA:5,(anonymous_4)
FNDA:0,(anonymous_5)
FNDA:0,(anonymous_6)
FNDA:5,(anonymous_7)
FNDA:6,(anonymous_8)
FNDA:1,(anonymous_9)
FNDA:3,(anonymous_10)
FNDA:0,(anonymous_11)
FNDA:0,(anonymous_12)
FNDA:0,(anonymous_13)
FNDA:0,(anonymous_14)
FNDA:0,(anonymous_15)
FNDA:0,(anonymous_16)
FNDA:0,(anonymous_17)
FNDA:0,(anonymous_18)
FNDA:0,(anonymous_19)
FNDA:13,(anonymous_20)
DA:1,1
DA:2,1
DA:3,1
DA:5,1
DA:6,1
DA:7,1
DA:8,1
DA:9,1
DA:10,1
DA:11,1
DA:12,1
DA:17,1
DA:19,13
DA:21,1
DA:22,5
DA:25,13
DA:26,13
DA:27,13
DA:28,13
DA:29,13
DA:30,13
DA:34,1
DA:35,0
DA:38,0
DA:41,0
DA:43,0
DA:44,0
DA:47,0
DA:51,1
DA:52,5
DA:53,5
DA:54,0
DA:56,5
DA:60,1
DA:61,6
DA:62,0
DA:64,6
DA:69,1
DA:70,1
DA:71,1
DA:72,0
DA:74,3
DA:78,1
DA:80,0
DA:81,0
DA:82,0
DA:83,0
DA:86,0
DA:89,1
DA:91,0
DA:92,0
DA:93,0
DA:97,1
DA:99,0
DA:101,0
DA:102,0
DA:103,0
DA:104,0
DA:108,0
DA:111,1
DA:112,0
DA:114,0
DA:115,0
DA:116,0
DA:120,1
DA:121,13
DA:122,13
DA:123,13
DA:124,13
DA:126,13
DA:128,13
DA:129,13
DA:130,13
DA:131,13
DA:132,13
DA:133,13
DA:134,13
DA:136,13
DA:138,13
DA:139,13
DA:140,13
DA:141,13
DA:142,13
DA:143,13
DA:144,13
DA:146,13
DA:148,13
DA:149,13
DA:150,13
DA:151,13
DA:153,1
LF:91
LH:64
BRDA:34,0,0,0
BRDA:34,0,1,0
BRDA:43,1,0,0
BRDA:43,1,1,0
BRDA:53,2,0,0
BRDA:53,2,1,5
BRDA:61,3,0,0
BRDA:61,3,1,6
BRDA:71,4,0,0
BRDA:71,4,1,1
BRDA:92,5,0,0
BRDA:92,5,1,0
BRDA:102,6,0,0
BRDA:102,6,1,0
BRF:14
BRH:3
end_of_record
TN:
SF:C:\Sergio\OnedriveFiles\Personal\OneDrive\Serginet Startup\Repos\EnAzureDevOps\CI-CD-VirtualNetCoreConf\Virtual-NetCoreConf\src\front\src\app\shared\shared.module.ts
FN:62,(anonymous_1)
FNF:1
FNH:1
FNDA:6,(anonymous_1)
DA:1,1
DA:2,1
DA:3,1
DA:4,1
DA:5,1
DA:6,1
DA:7,1
DA:8,1
DA:9,1
DA:10,1
DA:11,1
DA:12,1
DA:13,1
DA:14,1
DA:15,1
DA:16,1
DA:17,1
DA:18,1
DA:19,1
DA:62,1
DA:63,1
LF:21
LH:21
BRF:0
BRH:0
end_of_record
TN:
SF:C:\Sergio\OnedriveFiles\Personal\OneDrive\Serginet Startup\Repos\EnAzureDevOps\CI-CD-VirtualNetCoreConf\Virtual-NetCoreConf\src\front\src\app\shared\components\footer\footer.component.ts
FN:10,(anonymous_2)
FN:13,FooterComponent
FN:16,(anonymous_4)
FNF:3
FNH:3
FNDA:1,(anonymous_2)
FNDA:4,FooterComponent
FNDA:4,(anonymous_4)
DA:1,1
DA:2,1
DA:10,1
DA:13,4
DA:16,1
DA:17,4
DA:19,1
LF:7
LH:7
BRF:0
BRH:0
end_of_record
TN:
SF:C:\Sergio\OnedriveFiles\Personal\OneDrive\Serginet Startup\Repos\EnAzureDevOps\CI-CD-VirtualNetCoreConf\Virtual-NetCoreConf\src\front\src\app\shared\components\header\header.component.ts
FN:14,(anonymous_4)
FN:23,HeaderComponent
FN:29,(anonymous_6)
FN:32,(anonymous_7)
FN:37,(anonymous_8)
FN:38,(anonymous_9)
FN:44,(anonymous_10)
FNF:7
FNH:7
FNDA:1,(anonymous_4)
FNDA:8,HeaderComponent
FNDA:7,(anonymous_6)
FNDA:4,(anonymous_7)
FNDA:1,(anonymous_8)
FNDA:1,(anonymous_9)
FNDA:8,(anonymous_10)
DA:1,1
DA:2,1
DA:3,1
DA:4,1
DA:5,1
DA:6,1
DA:14,1
DA:16,9
DA:24,8
DA:25,8
DA:26,8
DA:29,7
DA:30,7
DA:31,7
DA:32,7
DA:33,4
DA:37,1
DA:38,1
DA:39,1
DA:40,1
DA:44,1
DA:45,8
DA:50,1
LF:23
LH:23
BRF:0
BRH:0
end_of_record
TN:
SF:C:\Sergio\OnedriveFiles\Personal\OneDrive\Serginet Startup\Repos\EnAzureDevOps\CI-CD-VirtualNetCoreConf\Virtual-NetCoreConf\src\front\src\app\shared\components\hero-card\hero-card.component.ts
FN:12,(anonymous_2)
FN:18,HeroCardComponent
FN:23,(anonymous_4)
FN:26,(anonymous_5)
FN:33,(anonymous_6)
FNF:5
FNH:3
FNDA:1,(anonymous_2)
FNDA:3,HeroCardComponent
FNDA:3,(anonymous_4)
FNDA:0,(anonymous_5)
FNDA:0,(anonymous_6)
DA:1,1
DA:2,1
DA:3,1
DA:4,1
DA:5,1
DA:12,1
DA:14,1
DA:18,3
DA:19,3
DA:20,3
DA:23,1
DA:26,1
DA:27,0
DA:28,0
DA:29,0
DA:33,1
DA:34,0
DA:35,0
DA:39,1
LF:19
LH:14
BRDA:27,0,0,0
BRDA:27,0,1,0
BRDA:34,1,0,0
BRDA:34,1,1,0
BRF:4
BRH:0
end_of_record
TN:
SF:C:\Sergio\OnedriveFiles\Personal\OneDrive\Serginet Startup\Repos\EnAzureDevOps\CI-CD-VirtualNetCoreConf\Virtual-NetCoreConf\src\front\src\app\shared\components\hero-loading\hero-loading.component.ts
FN:8,(anonymous_2)
FN:10,HeroLoadingComponent
FN:13,(anonymous_4)
FNF:3
FNH:3
FNDA:1,(anonymous_2)
FNDA:2,HeroLoadingComponent
FNDA:2,(anonymous_4)
DA:1,1
DA:8,1
DA:13,1
DA:16,1
LF:4
LH:4
BRF:0
BRH:0
end_of_record
TN:
SF:C:\Sergio\OnedriveFiles\Personal\OneDrive\Serginet Startup\Repos\EnAzureDevOps\CI-CD-VirtualNetCoreConf\Virtual-NetCoreConf\src\front\src\app\shared\components\loading-placeholder\loading-placeholder.component.ts
FN:8,(anonymous_2)
FN:13,LoadingPlaceholderComponent
FN:16,(anonymous_4)
FNF:3
FNH:3
FNDA:1,(anonymous_2)
FNDA:4,LoadingPlaceholderComponent
FNDA:4,(anonymous_4)
DA:1,1
DA:8,1
DA:10,1
DA:11,1
DA:16,1
DA:19,1
LF:6
LH:6
BRF:0
BRH:0
end_of_record
TN:
SF:C:\Sergio\OnedriveFiles\Personal\OneDrive\Serginet Startup\Repos\EnAzureDevOps\CI-CD-VirtualNetCoreConf\Virtual-NetCoreConf\src\front\src\app\shared\components\search-bar\search-bar.component.ts
FN:18,(anonymous_2)
FN:24,SearchBarComponent
FN:30,(anonymous_4)
FN:32,(anonymous_5)
FN:34,(anonymous_6)
FN:42,(anonymous_7)
FN:43,(anonymous_8)
FN:48,(anonymous_9)
FN:49,(anonymous_10)
FN:53,(anonymous_11)
FNF:10
FNH:7
FNDA:1,(anonymous_2)
FNDA:3,SearchBarComponent
FNDA:3,(anonymous_4)
FNDA:3,(anonymous_5)
FNDA:0,(anonymous_6)
FNDA:3,(anonymous_7)
FNDA:3,(anonymous_8)
FNDA:3,(anonymous_9)
FNDA:0,(anonymous_10)
FNDA:0,(anonymous_11)
DA:1,1
DA:2,1
DA:3,1
DA:4,1
DA:6,1
DA:7,1
DA:8,1
DA:18,1
DA:20,3
DA:24,3
DA:25,3
DA:26,3
DA:27,3
DA:30,3
DA:31,3
DA:32,3
DA:35,0
DA:40,3
DA:42,3
DA:44,3
DA:48,1
DA:49,3
DA:53,1
DA:54,0
DA:55,0
DA:57,1
LF:26
LH:23
BRDA:49,0,0,0
BRDA:49,0,1,3
BRDA:49,1,0,0
BRDA:49,1,1,0
BRF:4
BRH:1
end_of_record
TN:
SF:C:\Sergio\OnedriveFiles\Personal\OneDrive\Serginet Startup\Repos\EnAzureDevOps\CI-CD-VirtualNetCoreConf\Virtual-NetCoreConf\src\front\src\app\shared\components\spinner\spinner.component.ts
FN:8,(anonymous_2)
FN:10,SpinnerComponent
FN:13,(anonymous_4)
FNF:3
FNH:3
FNDA:1,(anonymous_2)
FNDA:1,SpinnerComponent
FNDA:1,(anonymous_4)
DA:1,1
DA:8,1
DA:13,1
DA:16,1
LF:4
LH:4
BRF:0
BRH:0
end_of_record
TN:
SF:C:\Sergio\OnedriveFiles\Personal\OneDrive\Serginet Startup\Repos\EnAzureDevOps\CI-CD-VirtualNetCoreConf\Virtual-NetCoreConf\src\front\src\app\shared\modules\firebase.module.ts
FN:17,(anonymous_1)
FNF:1
FNH:1
FNDA:20,(anonymous_1)
DA:1,1
DA:2,1
DA:3,1
DA:4,1
DA:17,1
DA:18,1
LF:6
LH:6
BRF:0
BRH:0
end_of_record
TN:
SF:C:\Sergio\OnedriveFiles\Personal\OneDrive\Serginet Startup\Repos\EnAzureDevOps\CI-CD-VirtualNetCoreConf\Virtual-NetCoreConf\src\front\src\app\shared\modules\material.module.ts
FN:54,(anonymous_1)
FNF:1
FNH:1
FNDA:20,(anonymous_1)
DA:1,1
DA:17,1
DA:54,1
DA:55,1
LF:4
LH:4
BRF:0
BRH:0
end_of_record
TN:
SF:C:\Sergio\OnedriveFiles\Personal\OneDrive\Serginet Startup\Repos\EnAzureDevOps\CI-CD-VirtualNetCoreConf\Virtual-NetCoreConf\src\front\src\app\shared\modules\tests.module.ts
FN:27,(anonymous_1)
FNF:1
FNH:1
FNDA:20,(anonymous_1)
DA:1,1
DA:2,1
DA:3,1
DA:4,1
DA:5,1
DA:6,1
DA:7,1
DA:8,1
DA:9,1
DA:10,1
DA:27,1
DA:28,1
LF:12
LH:12
BRF:0
BRH:0
end_of_record
TN:
SF:C:\Sergio\OnedriveFiles\Personal\OneDrive\Serginet Startup\Repos\EnAzureDevOps\CI-CD-VirtualNetCoreConf\Virtual-NetCoreConf\src\front\src\app\shared\pages\error404-page\error404-page.component.ts
FN:9,(anonymous_2)
FN:10,Error404PageComponent
FNF:2
FNH:2
FNDA:1,(anonymous_2)
FNDA:1,Error404PageComponent
DA:1,1
DA:9,1
DA:12,1
LF:3
LH:3
BRF:0
BRH:0
end_of_record
TN:
SF:C:\Sergio\OnedriveFiles\Personal\OneDrive\Serginet Startup\Repos\EnAzureDevOps\CI-CD-VirtualNetCoreConf\Virtual-NetCoreConf\src\front\src\app\shared\pages\home-page\home-page.component.ts
FN:14,(anonymous_2)
FN:17,HomePageComponent
FN:20,(anonymous_4)
FN:21,(anonymous_5)
FNF:4
FNH:4
FNDA:1,(anonymous_2)
FNDA:2,HomePageComponent
FNDA:2,(anonymous_4)
FNDA:2,(anonymous_5)
DA:1,1
DA:3,1
DA:4,1
DA:5,1
DA:14,1
DA:15,2
DA:17,2
DA:20,2
DA:21,2
DA:22,2
DA:25,1
LF:11
LH:11
BRF:0
BRH:0
end_of_record
TN:
SF:C:\Sergio\OnedriveFiles\Personal\OneDrive\Serginet Startup\Repos\EnAzureDevOps\CI-CD-VirtualNetCoreConf\Virtual-NetCoreConf\src\front\src\environments\environment.ts
FNF:0
FNH:0
DA:1,1
LF:1
LH:1
BRF:0
BRH:0
end_of_record
